<testsuites id="" name="" tests="190" failures="0" skipped="39" errors="0" time="205.744383">
<testsuite name="e2e-tests-fixed.spec.ts" timestamp="2026-05-10T19:09:18.016Z" hostname="Desktop Chrome" tests="38" failures="0" skipped="5" time="83.647" errors="0">
<testcase name="[Desktop] Leben in Deutschland Test App - E2E Tests › Homepage - / › should load homepage with correct title" classname="e2e-tests-fixed.spec.ts" time="1.975">
</testcase>
<testcase name="[Desktop] Leben in Deutschland Test App - E2E Tests › Homepage - / › should display main hero section" classname="e2e-tests-fixed.spec.ts" time="2.092">
</testcase>
<testcase name="[Desktop] Leben in Deutschland Test App - E2E Tests › Homepage - / › should show statistics" classname="e2e-tests-fixed.spec.ts" time="1.946">
</testcase>
<testcase name="[Desktop] Leben in Deutschland Test App - E2E Tests › Homepage - / › should display CTA buttons" classname="e2e-tests-fixed.spec.ts" time="2.032">
</testcase>
<testcase name="[Desktop] Leben in Deutschland Test App - E2E Tests › Homepage - / › should navigate to practice" classname="e2e-tests-fixed.spec.ts" time="2.957">
</testcase>
<testcase name="[Desktop] Leben in Deutschland Test App - E2E Tests › Homepage - / › should navigate to test" classname="e2e-tests-fixed.spec.ts" time="3.533">
</testcase>
<testcase name="[Desktop] Leben in Deutschland Test App - E2E Tests › Practice Page - /practice › should load practice page" classname="e2e-tests-fixed.spec.ts" time="3.089">
</testcase>
<testcase name="[Desktop] Leben in Deutschland Test App - E2E Tests › Practice Page - /practice › should display practice content" classname="e2e-tests-fixed.spec.ts" time="2.871">
</testcase>
<testcase name="[Desktop] Leben in Deutschland Test App - E2E Tests › Practice Page - /practice › should have back button" classname="e2e-tests-fixed.spec.ts" time="2.651">
</testcase>
<testcase name="[Desktop] Leben in Deutschland Test App - E2E Tests › Practice Page - /practice › back button should navigate to home" classname="e2e-tests-fixed.spec.ts" time="2.636">
</testcase>
<testcase name="[Desktop] Leben in Deutschland Test App - E2E Tests › Test Page - /test › should load test page" classname="e2e-tests-fixed.spec.ts" time="4.374">
</testcase>
<testcase name="[Desktop] Leben in Deutschland Test App - E2E Tests › Test Page - /test › should have test configuration" classname="e2e-tests-fixed.spec.ts" time="3.989">
</testcase>
<testcase name="[Desktop] Leben in Deutschland Test App - E2E Tests › Test Page - /test › back button should navigate to home" classname="e2e-tests-fixed.spec.ts" time="2.666">
</testcase>
<testcase name="[Desktop] Leben in Deutschland Test App - E2E Tests › Review Page - /review › should load review page" classname="e2e-tests-fixed.spec.ts" time="2.134">
</testcase>
<testcase name="[Desktop] Leben in Deutschland Test App - E2E Tests › Review Page - /review › should have back button" classname="e2e-tests-fixed.spec.ts" time="1.627">
</testcase>
<testcase name="[Desktop] Leben in Deutschland Test App - E2E Tests › Settings Page - /settings › should load settings page" classname="e2e-tests-fixed.spec.ts" time="1.449">
</testcase>
<testcase name="[Desktop] Leben in Deutschland Test App - E2E Tests › Settings Page - /settings › should have back button" classname="e2e-tests-fixed.spec.ts" time="1.509">
</testcase>
<testcase name="[Desktop] Leben in Deutschland Test App - E2E Tests › Stats Page - /stats › should load stats page" classname="e2e-tests-fixed.spec.ts" time="1.701">
</testcase>
<testcase name="[Desktop] Leben in Deutschland Test App - E2E Tests › Stats Page - /stats › should have back button" classname="e2e-tests-fixed.spec.ts" time="1.236">
</testcase>
<testcase name="[Mobile] Leben in Deutschland Test App - E2E Tests › Homepage - / › should load homepage with correct title" classname="e2e-tests-fixed.spec.ts" time="1.609">
</testcase>
<testcase name="[Mobile] Leben in Deutschland Test App - E2E Tests › Homepage - / › should display main hero section" classname="e2e-tests-fixed.spec.ts" time="1.649">
</testcase>
<testcase name="[Mobile] Leben in Deutschland Test App - E2E Tests › Homepage - / › should show statistics" classname="e2e-tests-fixed.spec.ts" time="1.418">
</testcase>
<testcase name="[Mobile] Leben in Deutschland Test App - E2E Tests › Homepage - / › should display CTA buttons" classname="e2e-tests-fixed.spec.ts" time="1.528">
</testcase>
<testcase name="[Mobile] Leben in Deutschland Test App - E2E Tests › Homepage - / › should navigate to practice" classname="e2e-tests-fixed.spec.ts" time="2.56">
</testcase>
<testcase name="[Mobile] Leben in Deutschland Test App - E2E Tests › Homepage - / › should navigate to test" classname="e2e-tests-fixed.spec.ts" time="2.51">
</testcase>
<testcase name="[Mobile] Leben in Deutschland Test App - E2E Tests › Practice Page - /practice › should load practice page" classname="e2e-tests-fixed.spec.ts" time="2.373">
</testcase>
<testcase name="[Mobile] Leben in Deutschland Test App - E2E Tests › Practice Page - /practice › should display practice content" classname="e2e-tests-fixed.spec.ts" time="3.059">
</testcase>
<testcase name="[Mobile] Leben in Deutschland Test App - E2E Tests › Practice Page - /practice › should have back button" classname="e2e-tests-fixed.spec.ts" time="2.135">
<properties>
<property name="skip" value="">
</property>
</properties>
<skipped>
</skipped>
</testcase>
<testcase name="[Mobile] Leben in Deutschland Test App - E2E Tests › Practice Page - /practice › back button should navigate to home" classname="e2e-tests-fixed.spec.ts" time="2.136">
<properties>
<property name="skip" value="">
</property>
</properties>
<skipped>
</skipped>
</testcase>
<testcase name="[Mobile] Leben in Deutschland Test App - E2E Tests › Test Page - /test › should load test page" classname="e2e-tests-fixed.spec.ts" time="2.521">
</testcase>
<testcase name="[Mobile] Leben in Deutschland Test App - E2E Tests › Test Page - /test › should have test configuration" classname="e2e-tests-fixed.spec.ts" time="2.501">
</testcase>
<testcase name="[Mobile] Leben in Deutschland Test App - E2E Tests › Test Page - /test › back button should navigate to home" classname="e2e-tests-fixed.spec.ts" time="2.258">
</testcase>
<testcase name="[Mobile] Leben in Deutschland Test App - E2E Tests › Review Page - /review › should load review page" classname="e2e-tests-fixed.spec.ts" time="1.927">
</testcase>
<testcase name="[Mobile] Leben in Deutschland Test App - E2E Tests › Review Page - /review › should have back button" classname="e2e-tests-fixed.spec.ts" time="1.741">
<properties>
<property name="skip" value="">
</property>
</properties>
<skipped>
</skipped>
</testcase>
<testcase name="[Mobile] Leben in Deutschland Test App - E2E Tests › Settings Page - /settings › should load settings page" classname="e2e-tests-fixed.spec.ts" time="1.334">
</testcase>
<testcase name="[Mobile] Leben in Deutschland Test App - E2E Tests › Settings Page - /settings › should have back button" classname="e2e-tests-fixed.spec.ts" time="1.337">
<properties>
<property name="skip" value="">
</property>
</properties>
<skipped>
</skipped>
</testcase>
<testcase name="[Mobile] Leben in Deutschland Test App - E2E Tests › Stats Page - /stats › should load stats page" classname="e2e-tests-fixed.spec.ts" time="1.333">
</testcase>
<testcase name="[Mobile] Leben in Deutschland Test App - E2E Tests › Stats Page - /stats › should have back button" classname="e2e-tests-fixed.spec.ts" time="1.251">
<properties>
<property name="skip" value="">
</property>
</properties>
<skipped>
</skipped>
</testcase>
</testsuite>
<testsuite name="e2e-tests-fixed.spec.ts" timestamp="2026-05-10T19:09:18.016Z" hostname="Desktop Firefox" tests="38" failures="0" skipped="5" time="126.929" errors="0">
<testcase name="[Desktop] Leben in Deutschland Test App - E2E Tests › Homepage - / › should load homepage with correct title" classname="e2e-tests-fixed.spec.ts" time="3.18">
</testcase>
<testcase name="[Desktop] Leben in Deutschland Test App - E2E Tests › Homepage - / › should display main hero section" classname="e2e-tests-fixed.spec.ts" time="4.754">
</testcase>
<testcase name="[Desktop] Leben in Deutschland Test App - E2E Tests › Homepage - / › should show statistics" classname="e2e-tests-fixed.spec.ts" time="6.067">
</testcase>
<testcase name="[Desktop] Leben in Deutschland Test App - E2E Tests › Homepage - / › should display CTA buttons" classname="e2e-tests-fixed.spec.ts" time="6.055">
</testcase>
<testcase name="[Desktop] Leben in Deutschland Test App - E2E Tests › Homepage - / › should navigate to practice" classname="e2e-tests-fixed.spec.ts" time="3.64">
</testcase>
<testcase name="[Desktop] Leben in Deutschland Test App - E2E Tests › Homepage - / › should navigate to test" classname="e2e-tests-fixed.spec.ts" time="4.295">
</testcase>
<testcase name="[Desktop] Leben in Deutschland Test App - E2E Tests › Practice Page - /practice › should load practice page" classname="e2e-tests-fixed.spec.ts" time="4.126">
</testcase>
<testcase name="[Desktop] Leben in Deutschland Test App - E2E Tests › Practice Page - /practice › should display practice content" classname="e2e-tests-fixed.spec.ts" time="4.305">
</testcase>
<testcase name="[Desktop] Leben in Deutschland Test App - E2E Tests › Practice Page - /practice › should have back button" classname="e2e-tests-fixed.spec.ts" time="4.049">
</testcase>
<testcase name="[Desktop] Leben in Deutschland Test App - E2E Tests › Practice Page - /practice › back button should navigate to home" classname="e2e-tests-fixed.spec.ts" time="3.976">
</testcase>
<testcase name="[Desktop] Leben in Deutschland Test App - E2E Tests › Test Page - /test › should load test page" classname="e2e-tests-fixed.spec.ts" time="3.239">
</testcase>
<testcase name="[Desktop] Leben in Deutschland Test App - E2E Tests › Test Page - /test › should have test configuration" classname="e2e-tests-fixed.spec.ts" time="3.22">
</testcase>
<testcase name="[Desktop] Leben in Deutschland Test App - E2E Tests › Test Page - /test › back button should navigate to home" classname="e2e-tests-fixed.spec.ts" time="3.79">
</testcase>
<testcase name="[Desktop] Leben in Deutschland Test App - E2E Tests › Review Page - /review › should load review page" classname="e2e-tests-fixed.spec.ts" time="3.291">
</testcase>
<testcase name="[Desktop] Leben in Deutschland Test App - E2E Tests › Review Page - /review › should have back button" classname="e2e-tests-fixed.spec.ts" time="2.966">
</testcase>
<testcase name="[Desktop] Leben in Deutschland Test App - E2E Tests › Settings Page - /settings › should load settings page" classname="e2e-tests-fixed.spec.ts" time="2.96">
</testcase>
<testcase name="[Desktop] Leben in Deutschland Test App - E2E Tests › Settings Page - /settings › should have back button" classname="e2e-tests-fixed.spec.ts" time="2.282">
</testcase>
<testcase name="[Desktop] Leben in Deutschland Test App - E2E Tests › Stats Page - /stats › should load stats page" classname="e2e-tests-fixed.spec.ts" time="2.848">
</testcase>
<testcase name="[Desktop] Leben in Deutschland Test App - E2E Tests › Stats Page - /stats › should have back button" classname="e2e-tests-fixed.spec.ts" time="2.695">
</testcase>
<testcase name="[Mobile] Leben in Deutschland Test App - E2E Tests › Homepage - / › should load homepage with correct title" classname="e2e-tests-fixed.spec.ts" time="2.798">
</testcase>
<testcase name="[Mobile] Leben in Deutschland Test App - E2E Tests › Homepage - / › should display main hero section" classname="e2e-tests-fixed.spec.ts" time="2.748">
</testcase>
<testcase name="[Mobile] Leben in Deutschland Test App - E2E Tests › Homepage - / › should show statistics" classname="e2e-tests-fixed.spec.ts" time="2.825">
</testcase>
<testcase name="[Mobile] Leben in Deutschland Test App - E2E Tests › Homepage - / › should display CTA buttons" classname="e2e-tests-fixed.spec.ts" time="3.082">
</testcase>
<testcase name="[Mobile] Leben in Deutschland Test App - E2E Tests › Homepage - / › should navigate to practice" classname="e2e-tests-fixed.spec.ts" time="2.975">
</testcase>
<testcase name="[Mobile] Leben in Deutschland Test App - E2E Tests › Homepage - / › should navigate to test" classname="e2e-tests-fixed.spec.ts" time="4.384">
</testcase>
<testcase name="[Mobile] Leben in Deutschland Test App - E2E Tests › Practice Page - /practice › should load practice page" classname="e2e-tests-fixed.spec.ts" time="3.034">
</testcase>
<testcase name="[Mobile] Leben in Deutschland Test App - E2E Tests › Practice Page - /practice › should display practice content" classname="e2e-tests-fixed.spec.ts" time="3.196">
</testcase>
<testcase name="[Mobile] Leben in Deutschland Test App - E2E Tests › Practice Page - /practice › should have back button" classname="e2e-tests-fixed.spec.ts" time="2.895">
<properties>
<property name="skip" value="">
</property>
</properties>
<skipped>
</skipped>
</testcase>
<testcase name="[Mobile] Leben in Deutschland Test App - E2E Tests › Practice Page - /practice › back button should navigate to home" classname="e2e-tests-fixed.spec.ts" time="2.869">
<properties>
<property name="skip" value="">
</property>
</properties>
<skipped>
</skipped>
</testcase>
<testcase name="[Mobile] Leben in Deutschland Test App - E2E Tests › Test Page - /test › should load test page" classname="e2e-tests-fixed.spec.ts" time="3.127">
</testcase>
<testcase name="[Mobile] Leben in Deutschland Test App - E2E Tests › Test Page - /test › should have test configuration" classname="e2e-tests-fixed.spec.ts" time="3.111">
</testcase>
<testcase name="[Mobile] Leben in Deutschland Test App - E2E Tests › Test Page - /test › back button should navigate to home" classname="e2e-tests-fixed.spec.ts" time="3.382">
</testcase>
<testcase name="[Mobile] Leben in Deutschland Test App - E2E Tests › Review Page - /review › should load review page" classname="e2e-tests-fixed.spec.ts" time="2.745">
</testcase>
<testcase name="[Mobile] Leben in Deutschland Test App - E2E Tests › Review Page - /review › should have back button" classname="e2e-tests-fixed.spec.ts" time="2.425">
<properties>
<property name="skip" value="">
</property>
</properties>
<skipped>
</skipped>
</testcase>
<testcase name="[Mobile] Leben in Deutschland Test App - E2E Tests › Settings Page - /settings › should load settings page" classname="e2e-tests-fixed.spec.ts" time="2.674">
</testcase>
<testcase name="[Mobile] Leben in Deutschland Test App - E2E Tests › Settings Page - /settings › should have back button" classname="e2e-tests-fixed.spec.ts" time="2.567">
<properties>
<property name="skip" value="">
</property>
</properties>
<skipped>
</skipped>
</testcase>
<testcase name="[Mobile] Leben in Deutschland Test App - E2E Tests › Stats Page - /stats › should load stats page" classname="e2e-tests-fixed.spec.ts" time="2.182">
</testcase>
<testcase name="[Mobile] Leben in Deutschland Test App - E2E Tests › Stats Page - /stats › should have back button" classname="e2e-tests-fixed.spec.ts" time="2.172">
<properties>
<property name="skip" value="">
</property>
</properties>
<skipped>
</skipped>
</testcase>
</testsuite>
<testsuite name="e2e-tests-fixed.spec.ts" timestamp="2026-05-10T19:09:18.016Z" hostname="Desktop Safari" tests="38" failures="0" skipped="12" time="205.61" errors="0">
<testcase name="[Desktop] Leben in Deutschland Test App - E2E Tests › Homepage - / › should load homepage with correct title" classname="e2e-tests-fixed.spec.ts" time="13.75">
</testcase>
<testcase name="[Desktop] Leben in Deutschland Test App - E2E Tests › Homepage - / › should display main hero section" classname="e2e-tests-fixed.spec.ts" time="13.575">
<properties>
<property name="skip" value="Safari has different DOM rendering">
</property>
</properties>
<skipped>
</skipped>
</testcase>
<testcase name="[Desktop] Leben in Deutschland Test App - E2E Tests › Homepage - / › should show statistics" classname="e2e-tests-fixed.spec.ts" time="13.407">
<properties>
<property name="skip" value="Safari has different DOM rendering">
</property>
</properties>
<skipped>
</skipped>
</testcase>
<testcase name="[Desktop] Leben in Deutschland Test App - E2E Tests › Homepage - / › should display CTA buttons" classname="e2e-tests-fixed.spec.ts" time="14.287">
</testcase>
<testcase name="[Desktop] Leben in Deutschland Test App - E2E Tests › Homepage - / › should navigate to practice" classname="e2e-tests-fixed.spec.ts" time="10.119">
</testcase>
<testcase name="[Desktop] Leben in Deutschland Test App - E2E Tests › Homepage - / › should navigate to test" classname="e2e-tests-fixed.spec.ts" time="8.353">
</testcase>
<testcase name="[Desktop] Leben in Deutschland Test App - E2E Tests › Practice Page - /practice › should load practice page" classname="e2e-tests-fixed.spec.ts" time="3.286">
</testcase>
<testcase name="[Desktop] Leben in Deutschland Test App - E2E Tests › Practice Page - /practice › should display practice content" classname="e2e-tests-fixed.spec.ts" time="3.402">
</testcase>
<testcase name="[Desktop] Leben in Deutschland Test App - E2E Tests › Practice Page - /practice › should have back button" classname="e2e-tests-fixed.spec.ts" time="6.114">
</testcase>
<testcase name="[Desktop] Leben in Deutschland Test App - E2E Tests › Practice Page - /practice › back button should navigate to home" classname="e2e-tests-fixed.spec.ts" time="5.672">
<properties>
<property name="skip" value="Safari has navigation timeout issues">
</property>
</properties>
<skipped>
</skipped>
</testcase>
<testcase name="[Desktop] Leben in Deutschland Test App - E2E Tests › Test Page - /test › should load test page" classname="e2e-tests-fixed.spec.ts" time="8.012">
</testcase>
<testcase name="[Desktop] Leben in Deutschland Test App - E2E Tests › Test Page - /test › should have test configuration" classname="e2e-tests-fixed.spec.ts" time="6.411">
</testcase>
<testcase name="[Desktop] Leben in Deutschland Test App - E2E Tests › Test Page - /test › back button should navigate to home" classname="e2e-tests-fixed.spec.ts" time="6.163">
<properties>
<property name="skip" value="Safari has navigation timeout issues">
</property>
</properties>
<skipped>
</skipped>
</testcase>
<testcase name="[Desktop] Leben in Deutschland Test App - E2E Tests › Review Page - /review › should load review page" classname="e2e-tests-fixed.spec.ts" time="5.957">
</testcase>
<testcase name="[Desktop] Leben in Deutschland Test App - E2E Tests › Review Page - /review › should have back button" classname="e2e-tests-fixed.spec.ts" time="5.361">
</testcase>
<testcase name="[Desktop] Leben in Deutschland Test App - E2E Tests › Settings Page - /settings › should load settings page" classname="e2e-tests-fixed.spec.ts" time="4.12">
</testcase>
<testcase name="[Desktop] Leben in Deutschland Test App - E2E Tests › Settings Page - /settings › should have back button" classname="e2e-tests-fixed.spec.ts" time="3.967">
</testcase>
<testcase name="[Desktop] Leben in Deutschland Test App - E2E Tests › Stats Page - /stats › should load stats page" classname="e2e-tests-fixed.spec.ts" time="4.038">
</testcase>
<testcase name="[Desktop] Leben in Deutschland Test App - E2E Tests › Stats Page - /stats › should have back button" classname="e2e-tests-fixed.spec.ts" time="3.73">
</testcase>
<testcase name="[Mobile] Leben in Deutschland Test App - E2E Tests › Homepage - / › should load homepage with correct title" classname="e2e-tests-fixed.spec.ts" time="2.887">
</testcase>
<testcase name="[Mobile] Leben in Deutschland Test App - E2E Tests › Homepage - / › should display main hero section" classname="e2e-tests-fixed.spec.ts" time="2.234">
<properties>
<property name="skip" value="Safari has different DOM rendering">
</property>
</properties>
<skipped>
</skipped>
</testcase>
<testcase name="[Mobile] Leben in Deutschland Test App - E2E Tests › Homepage - / › should show statistics" classname="e2e-tests-fixed.spec.ts" time="1.906">
<properties>
<property name="skip" value="Safari has different DOM rendering">
</property>
</properties>
<skipped>
</skipped>
</testcase>
<testcase name="[Mobile] Leben in Deutschland Test App - E2E Tests › Homepage - / › should display CTA buttons" classname="e2e-tests-fixed.spec.ts" time="3.121">
</testcase>
<testcase name="[Mobile] Leben in Deutschland Test App - E2E Tests › Homepage - / › should navigate to practice" classname="e2e-tests-fixed.spec.ts" time="4.15">
</testcase>
<testcase name="[Mobile] Leben in Deutschland Test App - E2E Tests › Homepage - / › should navigate to test" classname="e2e-tests-fixed.spec.ts" time="4.155">
</testcase>
<testcase name="[Mobile] Leben in Deutschland Test App - E2E Tests › Practice Page - /practice › should load practice page" classname="e2e-tests-fixed.spec.ts" time="3.152">
</testcase>
<testcase name="[Mobile] Leben in Deutschland Test App - E2E Tests › Practice Page - /practice › should display practice content" classname="e2e-tests-fixed.spec.ts" time="5.563">
</testcase>
<testcase name="[Mobile] Leben in Deutschland Test App - E2E Tests › Practice Page - /practice › should have back button" classname="e2e-tests-fixed.spec.ts" time="4.367">
<properties>
<property name="skip" value="">
</property>
</properties>
<skipped>
</skipped>
</testcase>
<testcase name="[Mobile] Leben in Deutschland Test App - E2E Tests › Practice Page - /practice › back button should navigate to home" classname="e2e-tests-fixed.spec.ts" time="4.792">
<properties>
<property name="skip" value="">
</property>
</properties>
<skipped>
</skipped>
</testcase>
<testcase name="[Mobile] Leben in Deutschland Test App - E2E Tests › Test Page - /test › should load test page" classname="e2e-tests-fixed.spec.ts" time="4.7">
</testcase>
<testcase name="[Mobile] Leben in Deutschland Test App - E2E Tests › Test Page - /test › should have test configuration" classname="e2e-tests-fixed.spec.ts" time="3.352">
</testcase>
<testcase name="[Mobile] Leben in Deutschland Test App - E2E Tests › Test Page - /test › back button should navigate to home" classname="e2e-tests-fixed.spec.ts" time="3.166">
<properties>
<property name="skip" value="Safari has navigation timeout issues">
</property>
</properties>
<skipped>
</skipped>
</testcase>
<testcase name="[Mobile] Leben in Deutschland Test App - E2E Tests › Review Page - /review › should load review page" classname="e2e-tests-fixed.spec.ts" time="3.36">
</testcase>
<testcase name="[Mobile] Leben in Deutschland Test App - E2E Tests › Review Page - /review › should have back button" classname="e2e-tests-fixed.spec.ts" time="3.108">
<properties>
<property name="skip" value="">
</property>
</properties>
<skipped>
</skipped>
</testcase>
<testcase name="[Mobile] Leben in Deutschland Test App - E2E Tests › Settings Page - /settings › should load settings page" classname="e2e-tests-fixed.spec.ts" time="3.029">
</testcase>
<testcase name="[Mobile] Leben in Deutschland Test App - E2E Tests › Settings Page - /settings › should have back button" classname="e2e-tests-fixed.spec.ts" time="2.943">
<properties>
<property name="skip" value="">
</property>
</properties>
<skipped>
</skipped>
</testcase>
<testcase name="[Mobile] Leben in Deutschland Test App - E2E Tests › Stats Page - /stats › should load stats page" classname="e2e-tests-fixed.spec.ts" time="2.904">
</testcase>
<testcase name="[Mobile] Leben in Deutschland Test App - E2E Tests › Stats Page - /stats › should have back button" classname="e2e-tests-fixed.spec.ts" time="2.997">
<properties>
<property name="skip" value="">
</property>
</properties>
<skipped>
</skipped>
</testcase>
</testsuite>
<testsuite name="e2e-tests-fixed.spec.ts" timestamp="2026-05-10T19:09:18.016Z" hostname="Mobile Chrome" tests="38" failures="0" skipped="5" time="143.491" errors="0">
<testcase name="[Desktop] Leben in Deutschland Test App - E2E Tests › Homepage - / › should load homepage with correct title" classname="e2e-tests-fixed.spec.ts" time="5.175">
</testcase>
<testcase name="[Desktop] Leben in Deutschland Test App - E2E Tests › Homepage - / › should display main hero section" classname="e2e-tests-fixed.spec.ts" time="3.78">
</testcase>
<testcase name="[Desktop] Leben in Deutschland Test App - E2E Tests › Homepage - / › should show statistics" classname="e2e-tests-fixed.spec.ts" time="3.521">
</testcase>
<testcase name="[Desktop] Leben in Deutschland Test App - E2E Tests › Homepage - / › should display CTA buttons" classname="e2e-tests-fixed.spec.ts" time="2.804">
</testcase>
<testcase name="[Desktop] Leben in Deutschland Test App - E2E Tests › Homepage - / › should navigate to practice" classname="e2e-tests-fixed.spec.ts" time="4.31">
</testcase>
<testcase name="[Desktop] Leben in Deutschland Test App - E2E Tests › Homepage - / › should navigate to test" classname="e2e-tests-fixed.spec.ts" time="8.472">
</testcase>
<testcase name="[Desktop] Leben in Deutschland Test App - E2E Tests › Practice Page - /practice › should load practice page" classname="e2e-tests-fixed.spec.ts" time="4.199">
</testcase>
<testcase name="[Desktop] Leben in Deutschland Test App - E2E Tests › Practice Page - /practice › should display practice content" classname="e2e-tests-fixed.spec.ts" time="3.623">
</testcase>
<testcase name="[Desktop] Leben in Deutschland Test App - E2E Tests › Practice Page - /practice › should have back button" classname="e2e-tests-fixed.spec.ts" time="4.205">
</testcase>
<testcase name="[Desktop] Leben in Deutschland Test App - E2E Tests › Practice Page - /practice › back button should navigate to home" classname="e2e-tests-fixed.spec.ts" time="4.302">
</testcase>
<testcase name="[Desktop] Leben in Deutschland Test App - E2E Tests › Test Page - /test › should load test page" classname="e2e-tests-fixed.spec.ts" time="8.697">
</testcase>
<testcase name="[Desktop] Leben in Deutschland Test App - E2E Tests › Test Page - /test › should have test configuration" classname="e2e-tests-fixed.spec.ts" time="9.378">
</testcase>
<testcase name="[Desktop] Leben in Deutschland Test App - E2E Tests › Test Page - /test › back button should navigate to home" classname="e2e-tests-fixed.spec.ts" time="4.371">
</testcase>
<testcase name="[Desktop] Leben in Deutschland Test App - E2E Tests › Review Page - /review › should load review page" classname="e2e-tests-fixed.spec.ts" time="2.492">
</testcase>
<testcase name="[Desktop] Leben in Deutschland Test App - E2E Tests › Review Page - /review › should have back button" classname="e2e-tests-fixed.spec.ts" time="2.084">
</testcase>
<testcase name="[Desktop] Leben in Deutschland Test App - E2E Tests › Settings Page - /settings › should load settings page" classname="e2e-tests-fixed.spec.ts" time="2.129">
</testcase>
<testcase name="[Desktop] Leben in Deutschland Test App - E2E Tests › Settings Page - /settings › should have back button" classname="e2e-tests-fixed.spec.ts" time="2.26">
</testcase>
<testcase name="[Desktop] Leben in Deutschland Test App - E2E Tests › Stats Page - /stats › should load stats page" classname="e2e-tests-fixed.spec.ts" time="2.417">
</testcase>
<testcase name="[Desktop] Leben in Deutschland Test App - E2E Tests › Stats Page - /stats › should have back button" classname="e2e-tests-fixed.spec.ts" time="2.591">
</testcase>
<testcase name="[Mobile] Leben in Deutschland Test App - E2E Tests › Homepage - / › should load homepage with correct title" classname="e2e-tests-fixed.spec.ts" time="1.99">
</testcase>
<testcase name="[Mobile] Leben in Deutschland Test App - E2E Tests › Homepage - / › should display main hero section" classname="e2e-tests-fixed.spec.ts" time="2.061">
</testcase>
<testcase name="[Mobile] Leben in Deutschland Test App - E2E Tests › Homepage - / › should show statistics" classname="e2e-tests-fixed.spec.ts" time="1.781">
</testcase>
<testcase name="[Mobile] Leben in Deutschland Test App - E2E Tests › Homepage - / › should display CTA buttons" classname="e2e-tests-fixed.spec.ts" time="2.12">
</testcase>
<testcase name="[Mobile] Leben in Deutschland Test App - E2E Tests › Homepage - / › should navigate to practice" classname="e2e-tests-fixed.spec.ts" time="3.57">
</testcase>
<testcase name="[Mobile] Leben in Deutschland Test App - E2E Tests › Homepage - / › should navigate to test" classname="e2e-tests-fixed.spec.ts" time="8.167">
</testcase>
<testcase name="[Mobile] Leben in Deutschland Test App - E2E Tests › Practice Page - /practice › should load practice page" classname="e2e-tests-fixed.spec.ts" time="2.943">
</testcase>
<testcase name="[Mobile] Leben in Deutschland Test App - E2E Tests › Practice Page - /practice › should display practice content" classname="e2e-tests-fixed.spec.ts" time="3.411">
</testcase>
<testcase name="[Mobile] Leben in Deutschland Test App - E2E Tests › Practice Page - /practice › should have back button" classname="e2e-tests-fixed.spec.ts" time="2.339">
<properties>
<property name="skip" value="">
</property>
</properties>
<skipped>
</skipped>
</testcase>
<testcase name="[Mobile] Leben in Deutschland Test App - E2E Tests › Practice Page - /practice › back button should navigate to home" classname="e2e-tests-fixed.spec.ts" time="2.939">
<properties>
<property name="skip" value="">
</property>
</properties>
<skipped>
</skipped>
</testcase>
<testcase name="[Mobile] Leben in Deutschland Test App - E2E Tests › Test Page - /test › should load test page" classname="e2e-tests-fixed.spec.ts" time="7.29">
</testcase>
<testcase name="[Mobile] Leben in Deutschland Test App - E2E Tests › Test Page - /test › should have test configuration" classname="e2e-tests-fixed.spec.ts" time="6.839">
</testcase>
<testcase name="[Mobile] Leben in Deutschland Test App - E2E Tests › Test Page - /test › back button should navigate to home" classname="e2e-tests-fixed.spec.ts" time="6.733">
</testcase>
<testcase name="[Mobile] Leben in Deutschland Test App - E2E Tests › Review Page - /review › should load review page" classname="e2e-tests-fixed.spec.ts" time="2.643">
</testcase>
<testcase name="[Mobile] Leben in Deutschland Test App - E2E Tests › Review Page - /review › should have back button" classname="e2e-tests-fixed.spec.ts" time="1.862">
<properties>
<property name="skip" value="">
</property>
</properties>
<skipped>
</skipped>
</testcase>
<testcase name="[Mobile] Leben in Deutschland Test App - E2E Tests › Settings Page - /settings › should load settings page" classname="e2e-tests-fixed.spec.ts" time="1.632">
</testcase>
<testcase name="[Mobile] Leben in Deutschland Test App - E2E Tests › Settings Page - /settings › should have back button" classname="e2e-tests-fixed.spec.ts" time="1.513">
<properties>
<property name="skip" value="">
</property>
</properties>
<skipped>
</skipped>
</testcase>
<testcase name="[Mobile] Leben in Deutschland Test App - E2E Tests › Stats Page - /stats › should load stats page" classname="e2e-tests-fixed.spec.ts" time="1.464">
</testcase>
<testcase name="[Mobile] Leben in Deutschland Test App - E2E Tests › Stats Page - /stats › should have back button" classname="e2e-tests-fixed.spec.ts" time="1.384">
<properties>
<property name="skip" value="">
</property>
</properties>
<skipped>
</skipped>
</testcase>
</testsuite>
<testsuite name="e2e-tests-fixed.spec.ts" timestamp="2026-05-10T19:09:18.016Z" hostname="Mobile Safari" tests="38" failures="0" skipped="12" time="189.164" errors="0">
<testcase name="[Desktop] Leben in Deutschland Test App - E2E Tests › Homepage - / › should load homepage with correct title" classname="e2e-tests-fixed.spec.ts" time="3.732">
</testcase>
<testcase name="[Desktop] Leben in Deutschland Test App - E2E Tests › Homepage - / › should display main hero section" classname="e2e-tests-fixed.spec.ts" time="3.425">
<properties>
<property name="skip" value="Safari has different DOM rendering">
</property>
</properties>
<skipped>
</skipped>
</testcase>
<testcase name="[Desktop] Leben in Deutschland Test App - E2E Tests › Homepage - / › should show statistics" classname="e2e-tests-fixed.spec.ts" time="3.852">
<properties>
<property name="skip" value="Safari has different DOM rendering">
</property>
</properties>
<skipped>
</skipped>
</testcase>
<testcase name="[Desktop] Leben in Deutschland Test App - E2E Tests › Homepage - / › should display CTA buttons" classname="e2e-tests-fixed.spec.ts" time="3.824">
</testcase>
<testcase name="[Desktop] Leben in Deutschland Test App - E2E Tests › Homepage - / › should navigate to practice" classname="e2e-tests-fixed.spec.ts" time="10.935">
</testcase>
<testcase name="[Desktop] Leben in Deutschland Test App - E2E Tests › Homepage - / › should navigate to test" classname="e2e-tests-fixed.spec.ts" time="7.414">
</testcase>
<testcase name="[Desktop] Leben in Deutschland Test App - E2E Tests › Practice Page - /practice › should load practice page" classname="e2e-tests-fixed.spec.ts" time="5.347">
</testcase>
<testcase name="[Desktop] Leben in Deutschland Test App - E2E Tests › Practice Page - /practice › should display practice content" classname="e2e-tests-fixed.spec.ts" time="4.657">
</testcase>
<testcase name="[Desktop] Leben in Deutschland Test App - E2E Tests › Practice Page - /practice › should have back button" classname="e2e-tests-fixed.spec.ts" time="9.64">
</testcase>
<testcase name="[Desktop] Leben in Deutschland Test App - E2E Tests › Practice Page - /practice › back button should navigate to home" classname="e2e-tests-fixed.spec.ts" time="5.063">
<properties>
<property name="skip" value="Safari has navigation timeout issues">
</property>
</properties>
<skipped>
</skipped>
</testcase>
<testcase name="[Desktop] Leben in Deutschland Test App - E2E Tests › Test Page - /test › should load test page" classname="e2e-tests-fixed.spec.ts" time="12.114">
</testcase>
<testcase name="[Desktop] Leben in Deutschland Test App - E2E Tests › Test Page - /test › should have test configuration" classname="e2e-tests-fixed.spec.ts" time="8.56">
</testcase>
<testcase name="[Desktop] Leben in Deutschland Test App - E2E Tests › Test Page - /test › back button should navigate to home" classname="e2e-tests-fixed.spec.ts" time="7.866">
<properties>
<property name="skip" value="Safari has navigation timeout issues">
</property>
</properties>
<skipped>
</skipped>
</testcase>
<testcase name="[Desktop] Leben in Deutschland Test App - E2E Tests › Review Page - /review › should load review page" classname="e2e-tests-fixed.spec.ts" time="5.257">
</testcase>
<testcase name="[Desktop] Leben in Deutschland Test App - E2E Tests › Review Page - /review › should have back button" classname="e2e-tests-fixed.spec.ts" time="6.317">
</testcase>
<testcase name="[Desktop] Leben in Deutschland Test App - E2E Tests › Settings Page - /settings › should load settings page" classname="e2e-tests-fixed.spec.ts" time="4.201">
</testcase>
<testcase name="[Desktop] Leben in Deutschland Test App - E2E Tests › Settings Page - /settings › should have back button" classname="e2e-tests-fixed.spec.ts" time="6.208">
</testcase>
<testcase name="[Desktop] Leben in Deutschland Test App - E2E Tests › Stats Page - /stats › should load stats page" classname="e2e-tests-fixed.spec.ts" time="6.097">
</testcase>
<testcase name="[Desktop] Leben in Deutschland Test App - E2E Tests › Stats Page - /stats › should have back button" classname="e2e-tests-fixed.spec.ts" time="4.996">
</testcase>
<testcase name="[Mobile] Leben in Deutschland Test App - E2E Tests › Homepage - / › should load homepage with correct title" classname="e2e-tests-fixed.spec.ts" time="2.562">
</testcase>
<testcase name="[Mobile] Leben in Deutschland Test App - E2E Tests › Homepage - / › should display main hero section" classname="e2e-tests-fixed.spec.ts" time="2.628">
<properties>
<property name="skip" value="Safari has different DOM rendering">
</property>
</properties>
<skipped>
</skipped>
</testcase>
<testcase name="[Mobile] Leben in Deutschland Test App - E2E Tests › Homepage - / › should show statistics" classname="e2e-tests-fixed.spec.ts" time="2.508">
<properties>
<property name="skip" value="Safari has different DOM rendering">
</property>
</properties>
<skipped>
</skipped>
</testcase>
<testcase name="[Mobile] Leben in Deutschland Test App - E2E Tests › Homepage - / › should display CTA buttons" classname="e2e-tests-fixed.spec.ts" time="3.184">
</testcase>
<testcase name="[Mobile] Leben in Deutschland Test App - E2E Tests › Homepage - / › should navigate to practice" classname="e2e-tests-fixed.spec.ts" time="4.659">
</testcase>
<testcase name="[Mobile] Leben in Deutschland Test App - E2E Tests › Homepage - / › should navigate to test" classname="e2e-tests-fixed.spec.ts" time="4.824">
</testcase>
<testcase name="[Mobile] Leben in Deutschland Test App - E2E Tests › Practice Page - /practice › should load practice page" classname="e2e-tests-fixed.spec.ts" time="3.291">
</testcase>
<testcase name="[Mobile] Leben in Deutschland Test App - E2E Tests › Practice Page - /practice › should display practice content" classname="e2e-tests-fixed.spec.ts" time="4.217">
</testcase>
<testcase name="[Mobile] Leben in Deutschland Test App - E2E Tests › Practice Page - /practice › should have back button" classname="e2e-tests-fixed.spec.ts" time="3.054">
<properties>
<property name="skip" value="">
</property>
</properties>
<skipped>
</skipped>
</testcase>
<testcase name="[Mobile] Leben in Deutschland Test App - E2E Tests › Practice Page - /practice › back button should navigate to home" classname="e2e-tests-fixed.spec.ts" time="4.686">
<properties>
<property name="skip" value="">
</property>
</properties>
<skipped>
</skipped>
</testcase>
<testcase name="[Mobile] Leben in Deutschland Test App - E2E Tests › Test Page - /test › should load test page" classname="e2e-tests-fixed.spec.ts" time="6.876">
</testcase>
<testcase name="[Mobile] Leben in Deutschland Test App - E2E Tests › Test Page - /test › should have test configuration" classname="e2e-tests-fixed.spec.ts" time="4.826">
</testcase>
<testcase name="[Mobile] Leben in Deutschland Test App - E2E Tests › Test Page - /test › back button should navigate to home" classname="e2e-tests-fixed.spec.ts" time="4.926">
<properties>
<property name="skip" value="Safari has navigation timeout issues">
</property>
</properties>
<skipped>
</skipped>
</testcase>
<testcase name="[Mobile] Leben in Deutschland Test App - E2E Tests › Review Page - /review › should load review page" classname="e2e-tests-fixed.spec.ts" time="3.441">
</testcase>
<testcase name="[Mobile] Leben in Deutschland Test App - E2E Tests › Review Page - /review › should have back button" classname="e2e-tests-fixed.spec.ts" time="3.255">
<properties>
<property name="skip" value="">
</property>
</properties>
<skipped>
</skipped>
</testcase>
<testcase name="[Mobile] Leben in Deutschland Test App - E2E Tests › Settings Page - /settings › should load settings page" classname="e2e-tests-fixed.spec.ts" time="2.874">
</testcase>
<testcase name="[Mobile] Leben in Deutschland Test App - E2E Tests › Settings Page - /settings › should have back button" classname="e2e-tests-fixed.spec.ts" time="2.935">
<properties>
<property name="skip" value="">
</property>
</properties>
<skipped>
</skipped>
</testcase>
<testcase name="[Mobile] Leben in Deutschland Test App - E2E Tests › Stats Page - /stats › should load stats page" classname="e2e-tests-fixed.spec.ts" time="3.291">
</testcase>
<testcase name="[Mobile] Leben in Deutschland Test App - E2E Tests › Stats Page - /stats › should have back button" classname="e2e-tests-fixed.spec.ts" time="1.622">
<properties>
<property name="skip" value="">
</property>
</properties>
<skipped>
</skipped>
</testcase>
</testsuite>
</testsuites>