<testsuites id="" name="" tests="190" failures="0" skipped="39" errors="0" time="200.078122">
<testsuite name="e2e-tests-fixed.spec.ts" timestamp="2026-04-29T08:24:27.257Z" hostname="Desktop Chrome" tests="38" failures="0" skipped="5" time="86.579" errors="0">
<testcase name="[Desktop] Leben in Deutschland Test App - E2E Tests › Homepage - / › should load homepage with correct title" classname="e2e-tests-fixed.spec.ts" time="1.919">
</testcase>
<testcase name="[Desktop] Leben in Deutschland Test App - E2E Tests › Homepage - / › should display main hero section" classname="e2e-tests-fixed.spec.ts" time="1.841">
</testcase>
<testcase name="[Desktop] Leben in Deutschland Test App - E2E Tests › Homepage - / › should show statistics" classname="e2e-tests-fixed.spec.ts" time="1.965">
</testcase>
<testcase name="[Desktop] Leben in Deutschland Test App - E2E Tests › Homepage - / › should display CTA buttons" classname="e2e-tests-fixed.spec.ts" time="2.046">
</testcase>
<testcase name="[Desktop] Leben in Deutschland Test App - E2E Tests › Homepage - / › should navigate to practice" classname="e2e-tests-fixed.spec.ts" time="3.538">
</testcase>
<testcase name="[Desktop] Leben in Deutschland Test App - E2E Tests › Homepage - / › should navigate to test" classname="e2e-tests-fixed.spec.ts" time="4.161">
</testcase>
<testcase name="[Desktop] Leben in Deutschland Test App - E2E Tests › Practice Page - /practice › should load practice page" classname="e2e-tests-fixed.spec.ts" time="3.34">
</testcase>
<testcase name="[Desktop] Leben in Deutschland Test App - E2E Tests › Practice Page - /practice › should display practice content" classname="e2e-tests-fixed.spec.ts" time="3.263">
</testcase>
<testcase name="[Desktop] Leben in Deutschland Test App - E2E Tests › Practice Page - /practice › should have back button" classname="e2e-tests-fixed.spec.ts" time="3.473">
</testcase>
<testcase name="[Desktop] Leben in Deutschland Test App - E2E Tests › Practice Page - /practice › back button should navigate to home" classname="e2e-tests-fixed.spec.ts" time="3.194">
</testcase>
<testcase name="[Desktop] Leben in Deutschland Test App - E2E Tests › Test Page - /test › should load test page" classname="e2e-tests-fixed.spec.ts" time="3.786">
</testcase>
<testcase name="[Desktop] Leben in Deutschland Test App - E2E Tests › Test Page - /test › should have test configuration" classname="e2e-tests-fixed.spec.ts" time="3.706">
</testcase>
<testcase name="[Desktop] Leben in Deutschland Test App - E2E Tests › Test Page - /test › back button should navigate to home" classname="e2e-tests-fixed.spec.ts" time="2.685">
</testcase>
<testcase name="[Desktop] Leben in Deutschland Test App - E2E Tests › Review Page - /review › should load review page" classname="e2e-tests-fixed.spec.ts" time="2.124">
</testcase>
<testcase name="[Desktop] Leben in Deutschland Test App - E2E Tests › Review Page - /review › should have back button" classname="e2e-tests-fixed.spec.ts" time="1.925">
</testcase>
<testcase name="[Desktop] Leben in Deutschland Test App - E2E Tests › Settings Page - /settings › should load settings page" classname="e2e-tests-fixed.spec.ts" time="1.656">
</testcase>
<testcase name="[Desktop] Leben in Deutschland Test App - E2E Tests › Settings Page - /settings › should have back button" classname="e2e-tests-fixed.spec.ts" time="1.632">
</testcase>
<testcase name="[Desktop] Leben in Deutschland Test App - E2E Tests › Stats Page - /stats › should load stats page" classname="e2e-tests-fixed.spec.ts" time="1.637">
</testcase>
<testcase name="[Desktop] Leben in Deutschland Test App - E2E Tests › Stats Page - /stats › should have back button" classname="e2e-tests-fixed.spec.ts" time="1.503">
</testcase>
<testcase name="[Mobile] Leben in Deutschland Test App - E2E Tests › Homepage - / › should load homepage with correct title" classname="e2e-tests-fixed.spec.ts" time="1.666">
</testcase>
<testcase name="[Mobile] Leben in Deutschland Test App - E2E Tests › Homepage - / › should display main hero section" classname="e2e-tests-fixed.spec.ts" time="1.697">
</testcase>
<testcase name="[Mobile] Leben in Deutschland Test App - E2E Tests › Homepage - / › should show statistics" classname="e2e-tests-fixed.spec.ts" time="1.598">
</testcase>
<testcase name="[Mobile] Leben in Deutschland Test App - E2E Tests › Homepage - / › should display CTA buttons" classname="e2e-tests-fixed.spec.ts" time="1.542">
</testcase>
<testcase name="[Mobile] Leben in Deutschland Test App - E2E Tests › Homepage - / › should navigate to practice" classname="e2e-tests-fixed.spec.ts" time="2.134">
</testcase>
<testcase name="[Mobile] Leben in Deutschland Test App - E2E Tests › Homepage - / › should navigate to test" classname="e2e-tests-fixed.spec.ts" time="3.477">
</testcase>
<testcase name="[Mobile] Leben in Deutschland Test App - E2E Tests › Practice Page - /practice › should load practice page" classname="e2e-tests-fixed.spec.ts" time="2.492">
</testcase>
<testcase name="[Mobile] Leben in Deutschland Test App - E2E Tests › Practice Page - /practice › should display practice content" classname="e2e-tests-fixed.spec.ts" time="2.439">
</testcase>
<testcase name="[Mobile] Leben in Deutschland Test App - E2E Tests › Practice Page - /practice › should have back button" classname="e2e-tests-fixed.spec.ts" time="2.217">
<properties>
<property name="skip" value="">
</property>
</properties>
<skipped>
</skipped>
</testcase>
<testcase name="[Mobile] Leben in Deutschland Test App - E2E Tests › Practice Page - /practice › back button should navigate to home" classname="e2e-tests-fixed.spec.ts" time="1.777">
<properties>
<property name="skip" value="">
</property>
</properties>
<skipped>
</skipped>
</testcase>
<testcase name="[Mobile] Leben in Deutschland Test App - E2E Tests › Test Page - /test › should load test page" classname="e2e-tests-fixed.spec.ts" time="2.34">
</testcase>
<testcase name="[Mobile] Leben in Deutschland Test App - E2E Tests › Test Page - /test › should have test configuration" classname="e2e-tests-fixed.spec.ts" time="2.511">
</testcase>
<testcase name="[Mobile] Leben in Deutschland Test App - E2E Tests › Test Page - /test › back button should navigate to home" classname="e2e-tests-fixed.spec.ts" time="2.488">
</testcase>
<testcase name="[Mobile] Leben in Deutschland Test App - E2E Tests › Review Page - /review › should load review page" classname="e2e-tests-fixed.spec.ts" time="1.883">
</testcase>
<testcase name="[Mobile] Leben in Deutschland Test App - E2E Tests › Review Page - /review › should have back button" classname="e2e-tests-fixed.spec.ts" time="1.879">
<properties>
<property name="skip" value="">
</property>
</properties>
<skipped>
</skipped>
</testcase>
<testcase name="[Mobile] Leben in Deutschland Test App - E2E Tests › Settings Page - /settings › should load settings page" classname="e2e-tests-fixed.spec.ts" time="1.333">
</testcase>
<testcase name="[Mobile] Leben in Deutschland Test App - E2E Tests › Settings Page - /settings › should have back button" classname="e2e-tests-fixed.spec.ts" time="1.275">
<properties>
<property name="skip" value="">
</property>
</properties>
<skipped>
</skipped>
</testcase>
<testcase name="[Mobile] Leben in Deutschland Test App - E2E Tests › Stats Page - /stats › should load stats page" classname="e2e-tests-fixed.spec.ts" time="1.273">
</testcase>
<testcase name="[Mobile] Leben in Deutschland Test App - E2E Tests › Stats Page - /stats › should have back button" classname="e2e-tests-fixed.spec.ts" time="1.164">
<properties>
<property name="skip" value="">
</property>
</properties>
<skipped>
</skipped>
</testcase>
</testsuite>
<testsuite name="e2e-tests-fixed.spec.ts" timestamp="2026-04-29T08:24:27.257Z" hostname="Desktop Firefox" tests="38" failures="0" skipped="5" time="132.542" errors="0">
<testcase name="[Desktop] Leben in Deutschland Test App - E2E Tests › Homepage - / › should load homepage with correct title" classname="e2e-tests-fixed.spec.ts" time="3.463">
</testcase>
<testcase name="[Desktop] Leben in Deutschland Test App - E2E Tests › Homepage - / › should display main hero section" classname="e2e-tests-fixed.spec.ts" time="6.064">
</testcase>
<testcase name="[Desktop] Leben in Deutschland Test App - E2E Tests › Homepage - / › should show statistics" classname="e2e-tests-fixed.spec.ts" time="4.743">
</testcase>
<testcase name="[Desktop] Leben in Deutschland Test App - E2E Tests › Homepage - / › should display CTA buttons" classname="e2e-tests-fixed.spec.ts" time="6.809">
</testcase>
<testcase name="[Desktop] Leben in Deutschland Test App - E2E Tests › Homepage - / › should navigate to practice" classname="e2e-tests-fixed.spec.ts" time="4.336">
</testcase>
<testcase name="[Desktop] Leben in Deutschland Test App - E2E Tests › Homepage - / › should navigate to test" classname="e2e-tests-fixed.spec.ts" time="4.9">
</testcase>
<testcase name="[Desktop] Leben in Deutschland Test App - E2E Tests › Practice Page - /practice › should load practice page" classname="e2e-tests-fixed.spec.ts" time="4.002">
</testcase>
<testcase name="[Desktop] Leben in Deutschland Test App - E2E Tests › Practice Page - /practice › should display practice content" classname="e2e-tests-fixed.spec.ts" time="4.497">
</testcase>
<testcase name="[Desktop] Leben in Deutschland Test App - E2E Tests › Practice Page - /practice › should have back button" classname="e2e-tests-fixed.spec.ts" time="4.329">
</testcase>
<testcase name="[Desktop] Leben in Deutschland Test App - E2E Tests › Practice Page - /practice › back button should navigate to home" classname="e2e-tests-fixed.spec.ts" time="3.944">
</testcase>
<testcase name="[Desktop] Leben in Deutschland Test App - E2E Tests › Test Page - /test › should load test page" classname="e2e-tests-fixed.spec.ts" time="3.948">
</testcase>
<testcase name="[Desktop] Leben in Deutschland Test App - E2E Tests › Test Page - /test › should have test configuration" classname="e2e-tests-fixed.spec.ts" time="3.562">
</testcase>
<testcase name="[Desktop] Leben in Deutschland Test App - E2E Tests › Test Page - /test › back button should navigate to home" classname="e2e-tests-fixed.spec.ts" time="4.382">
</testcase>
<testcase name="[Desktop] Leben in Deutschland Test App - E2E Tests › Review Page - /review › should load review page" classname="e2e-tests-fixed.spec.ts" time="2.783">
</testcase>
<testcase name="[Desktop] Leben in Deutschland Test App - E2E Tests › Review Page - /review › should have back button" classname="e2e-tests-fixed.spec.ts" time="2.769">
</testcase>
<testcase name="[Desktop] Leben in Deutschland Test App - E2E Tests › Settings Page - /settings › should load settings page" classname="e2e-tests-fixed.spec.ts" time="2.797">
</testcase>
<testcase name="[Desktop] Leben in Deutschland Test App - E2E Tests › Settings Page - /settings › should have back button" classname="e2e-tests-fixed.spec.ts" time="3.16">
</testcase>
<testcase name="[Desktop] Leben in Deutschland Test App - E2E Tests › Stats Page - /stats › should load stats page" classname="e2e-tests-fixed.spec.ts" time="2.712">
</testcase>
<testcase name="[Desktop] Leben in Deutschland Test App - E2E Tests › Stats Page - /stats › should have back button" classname="e2e-tests-fixed.spec.ts" time="2.762">
</testcase>
<testcase name="[Mobile] Leben in Deutschland Test App - E2E Tests › Homepage - / › should load homepage with correct title" classname="e2e-tests-fixed.spec.ts" time="2.832">
</testcase>
<testcase name="[Mobile] Leben in Deutschland Test App - E2E Tests › Homepage - / › should display main hero section" classname="e2e-tests-fixed.spec.ts" time="2.925">
</testcase>
<testcase name="[Mobile] Leben in Deutschland Test App - E2E Tests › Homepage - / › should show statistics" classname="e2e-tests-fixed.spec.ts" time="3.08">
</testcase>
<testcase name="[Mobile] Leben in Deutschland Test App - E2E Tests › Homepage - / › should display CTA buttons" classname="e2e-tests-fixed.spec.ts" time="2.615">
</testcase>
<testcase name="[Mobile] Leben in Deutschland Test App - E2E Tests › Homepage - / › should navigate to practice" classname="e2e-tests-fixed.spec.ts" time="3.609">
</testcase>
<testcase name="[Mobile] Leben in Deutschland Test App - E2E Tests › Homepage - / › should navigate to test" classname="e2e-tests-fixed.spec.ts" time="3.702">
</testcase>
<testcase name="[Mobile] Leben in Deutschland Test App - E2E Tests › Practice Page - /practice › should load practice page" classname="e2e-tests-fixed.spec.ts" time="3.188">
</testcase>
<testcase name="[Mobile] Leben in Deutschland Test App - E2E Tests › Practice Page - /practice › should display practice content" classname="e2e-tests-fixed.spec.ts" time="3.496">
</testcase>
<testcase name="[Mobile] Leben in Deutschland Test App - E2E Tests › Practice Page - /practice › should have back button" classname="e2e-tests-fixed.spec.ts" time="2.767">
<properties>
<property name="skip" value="">
</property>
</properties>
<skipped>
</skipped>
</testcase>
<testcase name="[Mobile] Leben in Deutschland Test App - E2E Tests › Practice Page - /practice › back button should navigate to home" classname="e2e-tests-fixed.spec.ts" time="3.123">
<properties>
<property name="skip" value="">
</property>
</properties>
<skipped>
</skipped>
</testcase>
<testcase name="[Mobile] Leben in Deutschland Test App - E2E Tests › Test Page - /test › should load test page" classname="e2e-tests-fixed.spec.ts" time="3.129">
</testcase>
<testcase name="[Mobile] Leben in Deutschland Test App - E2E Tests › Test Page - /test › should have test configuration" classname="e2e-tests-fixed.spec.ts" time="3.204">
</testcase>
<testcase name="[Mobile] Leben in Deutschland Test App - E2E Tests › Test Page - /test › back button should navigate to home" classname="e2e-tests-fixed.spec.ts" time="3.105">
</testcase>
<testcase name="[Mobile] Leben in Deutschland Test App - E2E Tests › Review Page - /review › should load review page" classname="e2e-tests-fixed.spec.ts" time="2.229">
</testcase>
<testcase name="[Mobile] Leben in Deutschland Test App - E2E Tests › Review Page - /review › should have back button" classname="e2e-tests-fixed.spec.ts" time="3.011">
<properties>
<property name="skip" value="">
</property>
</properties>
<skipped>
</skipped>
</testcase>
<testcase name="[Mobile] Leben in Deutschland Test App - E2E Tests › Settings Page - /settings › should load settings page" classname="e2e-tests-fixed.spec.ts" time="3.229">
</testcase>
<testcase name="[Mobile] Leben in Deutschland Test App - E2E Tests › Settings Page - /settings › should have back button" classname="e2e-tests-fixed.spec.ts" time="2.621">
<properties>
<property name="skip" value="">
</property>
</properties>
<skipped>
</skipped>
</testcase>
<testcase name="[Mobile] Leben in Deutschland Test App - E2E Tests › Stats Page - /stats › should load stats page" classname="e2e-tests-fixed.spec.ts" time="2.675">
</testcase>
<testcase name="[Mobile] Leben in Deutschland Test App - E2E Tests › Stats Page - /stats › should have back button" classname="e2e-tests-fixed.spec.ts" time="2.04">
<properties>
<property name="skip" value="">
</property>
</properties>
<skipped>
</skipped>
</testcase>
</testsuite>
<testsuite name="e2e-tests-fixed.spec.ts" timestamp="2026-04-29T08:24:27.257Z" hostname="Desktop Safari" tests="38" failures="0" skipped="12" time="185.672" errors="0">
<testcase name="[Desktop] Leben in Deutschland Test App - E2E Tests › Homepage - / › should load homepage with correct title" classname="e2e-tests-fixed.spec.ts" time="8.323">
</testcase>
<testcase name="[Desktop] Leben in Deutschland Test App - E2E Tests › Homepage - / › should display main hero section" classname="e2e-tests-fixed.spec.ts" time="8.198">
<properties>
<property name="skip" value="Safari has different DOM rendering">
</property>
</properties>
<skipped>
</skipped>
</testcase>
<testcase name="[Desktop] Leben in Deutschland Test App - E2E Tests › Homepage - / › should show statistics" classname="e2e-tests-fixed.spec.ts" time="8.11">
<properties>
<property name="skip" value="Safari has different DOM rendering">
</property>
</properties>
<skipped>
</skipped>
</testcase>
<testcase name="[Desktop] Leben in Deutschland Test App - E2E Tests › Homepage - / › should display CTA buttons" classname="e2e-tests-fixed.spec.ts" time="8.742">
</testcase>
<testcase name="[Desktop] Leben in Deutschland Test App - E2E Tests › Homepage - / › should navigate to practice" classname="e2e-tests-fixed.spec.ts" time="11.533">
</testcase>
<testcase name="[Desktop] Leben in Deutschland Test App - E2E Tests › Homepage - / › should navigate to test" classname="e2e-tests-fixed.spec.ts" time="10.006">
</testcase>
<testcase name="[Desktop] Leben in Deutschland Test App - E2E Tests › Practice Page - /practice › should load practice page" classname="e2e-tests-fixed.spec.ts" time="3.595">
</testcase>
<testcase name="[Desktop] Leben in Deutschland Test App - E2E Tests › Practice Page - /practice › should display practice content" classname="e2e-tests-fixed.spec.ts" time="4.196">
</testcase>
<testcase name="[Desktop] Leben in Deutschland Test App - E2E Tests › Practice Page - /practice › should have back button" classname="e2e-tests-fixed.spec.ts" time="6.141">
</testcase>
<testcase name="[Desktop] Leben in Deutschland Test App - E2E Tests › Practice Page - /practice › back button should navigate to home" classname="e2e-tests-fixed.spec.ts" time="5.496">
<properties>
<property name="skip" value="Safari has navigation timeout issues">
</property>
</properties>
<skipped>
</skipped>
</testcase>
<testcase name="[Desktop] Leben in Deutschland Test App - E2E Tests › Test Page - /test › should load test page" classname="e2e-tests-fixed.spec.ts" time="7.218">
</testcase>
<testcase name="[Desktop] Leben in Deutschland Test App - E2E Tests › Test Page - /test › should have test configuration" classname="e2e-tests-fixed.spec.ts" time="9.039">
</testcase>
<testcase name="[Desktop] Leben in Deutschland Test App - E2E Tests › Test Page - /test › back button should navigate to home" classname="e2e-tests-fixed.spec.ts" time="5.439">
<properties>
<property name="skip" value="Safari has navigation timeout issues">
</property>
</properties>
<skipped>
</skipped>
</testcase>
<testcase name="[Desktop] Leben in Deutschland Test App - E2E Tests › Review Page - /review › should load review page" classname="e2e-tests-fixed.spec.ts" time="5.199">
</testcase>
<testcase name="[Desktop] Leben in Deutschland Test App - E2E Tests › Review Page - /review › should have back button" classname="e2e-tests-fixed.spec.ts" time="5.747">
</testcase>
<testcase name="[Desktop] Leben in Deutschland Test App - E2E Tests › Settings Page - /settings › should load settings page" classname="e2e-tests-fixed.spec.ts" time="3.601">
</testcase>
<testcase name="[Desktop] Leben in Deutschland Test App - E2E Tests › Settings Page - /settings › should have back button" classname="e2e-tests-fixed.spec.ts" time="4.069">
</testcase>
<testcase name="[Desktop] Leben in Deutschland Test App - E2E Tests › Stats Page - /stats › should load stats page" classname="e2e-tests-fixed.spec.ts" time="3.905">
</testcase>
<testcase name="[Desktop] Leben in Deutschland Test App - E2E Tests › Stats Page - /stats › should have back button" classname="e2e-tests-fixed.spec.ts" time="3.647">
</testcase>
<testcase name="[Mobile] Leben in Deutschland Test App - E2E Tests › Homepage - / › should load homepage with correct title" classname="e2e-tests-fixed.spec.ts" time="2.313">
</testcase>
<testcase name="[Mobile] Leben in Deutschland Test App - E2E Tests › Homepage - / › should display main hero section" classname="e2e-tests-fixed.spec.ts" time="2.189">
<properties>
<property name="skip" value="Safari has different DOM rendering">
</property>
</properties>
<skipped>
</skipped>
</testcase>
<testcase name="[Mobile] Leben in Deutschland Test App - E2E Tests › Homepage - / › should show statistics" classname="e2e-tests-fixed.spec.ts" time="2.224">
<properties>
<property name="skip" value="Safari has different DOM rendering">
</property>
</properties>
<skipped>
</skipped>
</testcase>
<testcase name="[Mobile] Leben in Deutschland Test App - E2E Tests › Homepage - / › should display CTA buttons" classname="e2e-tests-fixed.spec.ts" time="3.75">
</testcase>
<testcase name="[Mobile] Leben in Deutschland Test App - E2E Tests › Homepage - / › should navigate to practice" classname="e2e-tests-fixed.spec.ts" time="4.136">
</testcase>
<testcase name="[Mobile] Leben in Deutschland Test App - E2E Tests › Homepage - / › should navigate to test" classname="e2e-tests-fixed.spec.ts" time="3.786">
</testcase>
<testcase name="[Mobile] Leben in Deutschland Test App - E2E Tests › Practice Page - /practice › should load practice page" classname="e2e-tests-fixed.spec.ts" time="3.223">
</testcase>
<testcase name="[Mobile] Leben in Deutschland Test App - E2E Tests › Practice Page - /practice › should display practice content" classname="e2e-tests-fixed.spec.ts" time="4.545">
</testcase>
<testcase name="[Mobile] Leben in Deutschland Test App - E2E Tests › Practice Page - /practice › should have back button" classname="e2e-tests-fixed.spec.ts" time="3.985">
<properties>
<property name="skip" value="">
</property>
</properties>
<skipped>
</skipped>
</testcase>
<testcase name="[Mobile] Leben in Deutschland Test App - E2E Tests › Practice Page - /practice › back button should navigate to home" classname="e2e-tests-fixed.spec.ts" time="4.257">
<properties>
<property name="skip" value="">
</property>
</properties>
<skipped>
</skipped>
</testcase>
<testcase name="[Mobile] Leben in Deutschland Test App - E2E Tests › Test Page - /test › should load test page" classname="e2e-tests-fixed.spec.ts" time="4.644">
</testcase>
<testcase name="[Mobile] Leben in Deutschland Test App - E2E Tests › Test Page - /test › should have test configuration" classname="e2e-tests-fixed.spec.ts" time="3.91">
</testcase>
<testcase name="[Mobile] Leben in Deutschland Test App - E2E Tests › Test Page - /test › back button should navigate to home" classname="e2e-tests-fixed.spec.ts" time="4.169">
<properties>
<property name="skip" value="Safari has navigation timeout issues">
</property>
</properties>
<skipped>
</skipped>
</testcase>
<testcase name="[Mobile] Leben in Deutschland Test App - E2E Tests › Review Page - /review › should load review page" classname="e2e-tests-fixed.spec.ts" time="3.811">
</testcase>
<testcase name="[Mobile] Leben in Deutschland Test App - E2E Tests › Review Page - /review › should have back button" classname="e2e-tests-fixed.spec.ts" time="2.818">
<properties>
<property name="skip" value="">
</property>
</properties>
<skipped>
</skipped>
</testcase>
<testcase name="[Mobile] Leben in Deutschland Test App - E2E Tests › Settings Page - /settings › should load settings page" classname="e2e-tests-fixed.spec.ts" time="2.501">
</testcase>
<testcase name="[Mobile] Leben in Deutschland Test App - E2E Tests › Settings Page - /settings › should have back button" classname="e2e-tests-fixed.spec.ts" time="2.218">
<properties>
<property name="skip" value="">
</property>
</properties>
<skipped>
</skipped>
</testcase>
<testcase name="[Mobile] Leben in Deutschland Test App - E2E Tests › Stats Page - /stats › should load stats page" classname="e2e-tests-fixed.spec.ts" time="2.38">
</testcase>
<testcase name="[Mobile] Leben in Deutschland Test App - E2E Tests › Stats Page - /stats › should have back button" classname="e2e-tests-fixed.spec.ts" time="2.609">
<properties>
<property name="skip" value="">
</property>
</properties>
<skipped>
</skipped>
</testcase>
</testsuite>
<testsuite name="e2e-tests-fixed.spec.ts" timestamp="2026-04-29T08:24:27.257Z" hostname="Mobile Chrome" tests="38" failures="0" skipped="5" time="140.122" errors="0">
<testcase name="[Desktop] Leben in Deutschland Test App - E2E Tests › Homepage - / › should load homepage with correct title" classname="e2e-tests-fixed.spec.ts" time="2.371">
</testcase>
<testcase name="[Desktop] Leben in Deutschland Test App - E2E Tests › Homepage - / › should display main hero section" classname="e2e-tests-fixed.spec.ts" time="2.664">
</testcase>
<testcase name="[Desktop] Leben in Deutschland Test App - E2E Tests › Homepage - / › should show statistics" classname="e2e-tests-fixed.spec.ts" time="2.677">
</testcase>
<testcase name="[Desktop] Leben in Deutschland Test App - E2E Tests › Homepage - / › should display CTA buttons" classname="e2e-tests-fixed.spec.ts" time="3.001">
</testcase>
<testcase name="[Desktop] Leben in Deutschland Test App - E2E Tests › Homepage - / › should navigate to practice" classname="e2e-tests-fixed.spec.ts" time="4.849">
</testcase>
<testcase name="[Desktop] Leben in Deutschland Test App - E2E Tests › Homepage - / › should navigate to test" classname="e2e-tests-fixed.spec.ts" time="9.224">
</testcase>
<testcase name="[Desktop] Leben in Deutschland Test App - E2E Tests › Practice Page - /practice › should load practice page" classname="e2e-tests-fixed.spec.ts" time="4.867">
</testcase>
<testcase name="[Desktop] Leben in Deutschland Test App - E2E Tests › Practice Page - /practice › should display practice content" classname="e2e-tests-fixed.spec.ts" time="4.117">
</testcase>
<testcase name="[Desktop] Leben in Deutschland Test App - E2E Tests › Practice Page - /practice › should have back button" classname="e2e-tests-fixed.spec.ts" time="4.963">
</testcase>
<testcase name="[Desktop] Leben in Deutschland Test App - E2E Tests › Practice Page - /practice › back button should navigate to home" classname="e2e-tests-fixed.spec.ts" time="4.187">
</testcase>
<testcase name="[Desktop] Leben in Deutschland Test App - E2E Tests › Test Page - /test › should load test page" classname="e2e-tests-fixed.spec.ts" time="7.569">
</testcase>
<testcase name="[Desktop] Leben in Deutschland Test App - E2E Tests › Test Page - /test › should have test configuration" classname="e2e-tests-fixed.spec.ts" time="8.631">
</testcase>
<testcase name="[Desktop] Leben in Deutschland Test App - E2E Tests › Test Page - /test › back button should navigate to home" classname="e2e-tests-fixed.spec.ts" time="3.645">
</testcase>
<testcase name="[Desktop] Leben in Deutschland Test App - E2E Tests › Review Page - /review › should load review page" classname="e2e-tests-fixed.spec.ts" time="2.831">
</testcase>
<testcase name="[Desktop] Leben in Deutschland Test App - E2E Tests › Review Page - /review › should have back button" classname="e2e-tests-fixed.spec.ts" time="2.321">
</testcase>
<testcase name="[Desktop] Leben in Deutschland Test App - E2E Tests › Settings Page - /settings › should load settings page" classname="e2e-tests-fixed.spec.ts" time="2.378">
</testcase>
<testcase name="[Desktop] Leben in Deutschland Test App - E2E Tests › Settings Page - /settings › should have back button" classname="e2e-tests-fixed.spec.ts" time="2.348">
</testcase>
<testcase name="[Desktop] Leben in Deutschland Test App - E2E Tests › Stats Page - /stats › should load stats page" classname="e2e-tests-fixed.spec.ts" time="2.539">
</testcase>
<testcase name="[Desktop] Leben in Deutschland Test App - E2E Tests › Stats Page - /stats › should have back button" classname="e2e-tests-fixed.spec.ts" time="2.229">
</testcase>
<testcase name="[Mobile] Leben in Deutschland Test App - E2E Tests › Homepage - / › should load homepage with correct title" classname="e2e-tests-fixed.spec.ts" time="2.161">
</testcase>
<testcase name="[Mobile] Leben in Deutschland Test App - E2E Tests › Homepage - / › should display main hero section" classname="e2e-tests-fixed.spec.ts" time="2.535">
</testcase>
<testcase name="[Mobile] Leben in Deutschland Test App - E2E Tests › Homepage - / › should show statistics" classname="e2e-tests-fixed.spec.ts" time="1.574">
</testcase>
<testcase name="[Mobile] Leben in Deutschland Test App - E2E Tests › Homepage - / › should display CTA buttons" classname="e2e-tests-fixed.spec.ts" time="2.097">
</testcase>
<testcase name="[Mobile] Leben in Deutschland Test App - E2E Tests › Homepage - / › should navigate to practice" classname="e2e-tests-fixed.spec.ts" time="3.902">
</testcase>
<testcase name="[Mobile] Leben in Deutschland Test App - E2E Tests › Homepage - / › should navigate to test" classname="e2e-tests-fixed.spec.ts" time="6.66">
</testcase>
<testcase name="[Mobile] Leben in Deutschland Test App - E2E Tests › Practice Page - /practice › should load practice page" classname="e2e-tests-fixed.spec.ts" time="3.211">
</testcase>
<testcase name="[Mobile] Leben in Deutschland Test App - E2E Tests › Practice Page - /practice › should display practice content" classname="e2e-tests-fixed.spec.ts" time="2.897">
</testcase>
<testcase name="[Mobile] Leben in Deutschland Test App - E2E Tests › Practice Page - /practice › should have back button" classname="e2e-tests-fixed.spec.ts" time="2.792">
<properties>
<property name="skip" value="">
</property>
</properties>
<skipped>
</skipped>
</testcase>
<testcase name="[Mobile] Leben in Deutschland Test App - E2E Tests › Practice Page - /practice › back button should navigate to home" classname="e2e-tests-fixed.spec.ts" time="2.582">
<properties>
<property name="skip" value="">
</property>
</properties>
<skipped>
</skipped>
</testcase>
<testcase name="[Mobile] Leben in Deutschland Test App - E2E Tests › Test Page - /test › should load test page" classname="e2e-tests-fixed.spec.ts" time="7.391">
</testcase>
<testcase name="[Mobile] Leben in Deutschland Test App - E2E Tests › Test Page - /test › should have test configuration" classname="e2e-tests-fixed.spec.ts" time="7.395">
</testcase>
<testcase name="[Mobile] Leben in Deutschland Test App - E2E Tests › Test Page - /test › back button should navigate to home" classname="e2e-tests-fixed.spec.ts" time="6.73">
</testcase>
<testcase name="[Mobile] Leben in Deutschland Test App - E2E Tests › Review Page - /review › should load review page" classname="e2e-tests-fixed.spec.ts" time="2.436">
</testcase>
<testcase name="[Mobile] Leben in Deutschland Test App - E2E Tests › Review Page - /review › should have back button" classname="e2e-tests-fixed.spec.ts" time="2.319">
<properties>
<property name="skip" value="">
</property>
</properties>
<skipped>
</skipped>
</testcase>
<testcase name="[Mobile] Leben in Deutschland Test App - E2E Tests › Settings Page - /settings › should load settings page" classname="e2e-tests-fixed.spec.ts" time="1.683">
</testcase>
<testcase name="[Mobile] Leben in Deutschland Test App - E2E Tests › Settings Page - /settings › should have back button" classname="e2e-tests-fixed.spec.ts" time="1.516">
<properties>
<property name="skip" value="">
</property>
</properties>
<skipped>
</skipped>
</testcase>
<testcase name="[Mobile] Leben in Deutschland Test App - E2E Tests › Stats Page - /stats › should load stats page" classname="e2e-tests-fixed.spec.ts" time="1.425">
</testcase>
<testcase name="[Mobile] Leben in Deutschland Test App - E2E Tests › Stats Page - /stats › should have back button" classname="e2e-tests-fixed.spec.ts" time="1.405">
<properties>
<property name="skip" value="">
</property>
</properties>
<skipped>
</skipped>
</testcase>
</testsuite>
<testsuite name="e2e-tests-fixed.spec.ts" timestamp="2026-04-29T08:24:27.257Z" hostname="Mobile Safari" tests="38" failures="0" skipped="12" time="183.919" errors="0">
<testcase name="[Desktop] Leben in Deutschland Test App - E2E Tests › Homepage - / › should load homepage with correct title" classname="e2e-tests-fixed.spec.ts" time="2.707">
</testcase>
<testcase name="[Desktop] Leben in Deutschland Test App - E2E Tests › Homepage - / › should display main hero section" classname="e2e-tests-fixed.spec.ts" time="2.868">
<properties>
<property name="skip" value="Safari has different DOM rendering">
</property>
</properties>
<skipped>
</skipped>
</testcase>
<testcase name="[Desktop] Leben in Deutschland Test App - E2E Tests › Homepage - / › should show statistics" classname="e2e-tests-fixed.spec.ts" time="2.949">
<properties>
<property name="skip" value="Safari has different DOM rendering">
</property>
</properties>
<skipped>
</skipped>
</testcase>
<testcase name="[Desktop] Leben in Deutschland Test App - E2E Tests › Homepage - / › should display CTA buttons" classname="e2e-tests-fixed.spec.ts" time="4.579">
</testcase>
<testcase name="[Desktop] Leben in Deutschland Test App - E2E Tests › Homepage - / › should navigate to practice" classname="e2e-tests-fixed.spec.ts" time="6.869">
</testcase>
<testcase name="[Desktop] Leben in Deutschland Test App - E2E Tests › Homepage - / › should navigate to test" classname="e2e-tests-fixed.spec.ts" time="7.049">
</testcase>
<testcase name="[Desktop] Leben in Deutschland Test App - E2E Tests › Practice Page - /practice › should load practice page" classname="e2e-tests-fixed.spec.ts" time="4.98">
</testcase>
<testcase name="[Desktop] Leben in Deutschland Test App - E2E Tests › Practice Page - /practice › should display practice content" classname="e2e-tests-fixed.spec.ts" time="4.186">
</testcase>
<testcase name="[Desktop] Leben in Deutschland Test App - E2E Tests › Practice Page - /practice › should have back button" classname="e2e-tests-fixed.spec.ts" time="9.198">
</testcase>
<testcase name="[Desktop] Leben in Deutschland Test App - E2E Tests › Practice Page - /practice › back button should navigate to home" classname="e2e-tests-fixed.spec.ts" time="7.569">
<properties>
<property name="skip" value="Safari has navigation timeout issues">
</property>
</properties>
<skipped>
</skipped>
</testcase>
<testcase name="[Desktop] Leben in Deutschland Test App - E2E Tests › Test Page - /test › should load test page" classname="e2e-tests-fixed.spec.ts" time="10.977">
</testcase>
<testcase name="[Desktop] Leben in Deutschland Test App - E2E Tests › Test Page - /test › should have test configuration" classname="e2e-tests-fixed.spec.ts" time="10.959">
</testcase>
<testcase name="[Desktop] Leben in Deutschland Test App - E2E Tests › Test Page - /test › back button should navigate to home" classname="e2e-tests-fixed.spec.ts" time="8.629">
<properties>
<property name="skip" value="Safari has navigation timeout issues">
</property>
</properties>
<skipped>
</skipped>
</testcase>
<testcase name="[Desktop] Leben in Deutschland Test App - E2E Tests › Review Page - /review › should load review page" classname="e2e-tests-fixed.spec.ts" time="5.035">
</testcase>
<testcase name="[Desktop] Leben in Deutschland Test App - E2E Tests › Review Page - /review › should have back button" classname="e2e-tests-fixed.spec.ts" time="5.956">
</testcase>
<testcase name="[Desktop] Leben in Deutschland Test App - E2E Tests › Settings Page - /settings › should load settings page" classname="e2e-tests-fixed.spec.ts" time="4.844">
</testcase>
<testcase name="[Desktop] Leben in Deutschland Test App - E2E Tests › Settings Page - /settings › should have back button" classname="e2e-tests-fixed.spec.ts" time="4.582">
</testcase>
<testcase name="[Desktop] Leben in Deutschland Test App - E2E Tests › Stats Page - /stats › should load stats page" classname="e2e-tests-fixed.spec.ts" time="4.521">
</testcase>
<testcase name="[Desktop] Leben in Deutschland Test App - E2E Tests › Stats Page - /stats › should have back button" classname="e2e-tests-fixed.spec.ts" time="5.168">
</testcase>
<testcase name="[Mobile] Leben in Deutschland Test App - E2E Tests › Homepage - / › should load homepage with correct title" classname="e2e-tests-fixed.spec.ts" time="3.052">
</testcase>
<testcase name="[Mobile] Leben in Deutschland Test App - E2E Tests › Homepage - / › should display main hero section" classname="e2e-tests-fixed.spec.ts" time="3.112">
<properties>
<property name="skip" value="Safari has different DOM rendering">
</property>
</properties>
<skipped>
</skipped>
</testcase>
<testcase name="[Mobile] Leben in Deutschland Test App - E2E Tests › Homepage - / › should show statistics" classname="e2e-tests-fixed.spec.ts" time="2.623">
<properties>
<property name="skip" value="Safari has different DOM rendering">
</property>
</properties>
<skipped>
</skipped>
</testcase>
<testcase name="[Mobile] Leben in Deutschland Test App - E2E Tests › Homepage - / › should display CTA buttons" classname="e2e-tests-fixed.spec.ts" time="3.218">
</testcase>
<testcase name="[Mobile] Leben in Deutschland Test App - E2E Tests › Homepage - / › should navigate to practice" classname="e2e-tests-fixed.spec.ts" time="5.158">
</testcase>
<testcase name="[Mobile] Leben in Deutschland Test App - E2E Tests › Homepage - / › should navigate to test" classname="e2e-tests-fixed.spec.ts" time="4.951">
</testcase>
<testcase name="[Mobile] Leben in Deutschland Test App - E2E Tests › Practice Page - /practice › should load practice page" classname="e2e-tests-fixed.spec.ts" time="3.23">
</testcase>
<testcase name="[Mobile] Leben in Deutschland Test App - E2E Tests › Practice Page - /practice › should display practice content" classname="e2e-tests-fixed.spec.ts" time="4.604">
</testcase>
<testcase name="[Mobile] Leben in Deutschland Test App - E2E Tests › Practice Page - /practice › should have back button" classname="e2e-tests-fixed.spec.ts" time="3.653">
<properties>
<property name="skip" value="">
</property>
</properties>
<skipped>
</skipped>
</testcase>
<testcase name="[Mobile] Leben in Deutschland Test App - E2E Tests › Practice Page - /practice › back button should navigate to home" classname="e2e-tests-fixed.spec.ts" time="3.988">
<properties>
<property name="skip" value="">
</property>
</properties>
<skipped>
</skipped>
</testcase>
<testcase name="[Mobile] Leben in Deutschland Test App - E2E Tests › Test Page - /test › should load test page" classname="e2e-tests-fixed.spec.ts" time="4.619">
</testcase>
<testcase name="[Mobile] Leben in Deutschland Test App - E2E Tests › Test Page - /test › should have test configuration" classname="e2e-tests-fixed.spec.ts" time="5.188">
</testcase>
<testcase name="[Mobile] Leben in Deutschland Test App - E2E Tests › Test Page - /test › back button should navigate to home" classname="e2e-tests-fixed.spec.ts" time="3.41">
<properties>
<property name="skip" value="Safari has navigation timeout issues">
</property>
</properties>
<skipped>
</skipped>
</testcase>
<testcase name="[Mobile] Leben in Deutschland Test App - E2E Tests › Review Page - /review › should load review page" classname="e2e-tests-fixed.spec.ts" time="3.3">
</testcase>
<testcase name="[Mobile] Leben in Deutschland Test App - E2E Tests › Review Page - /review › should have back button" classname="e2e-tests-fixed.spec.ts" time="3.271">
<properties>
<property name="skip" value="">
</property>
</properties>
<skipped>
</skipped>
</testcase>
<testcase name="[Mobile] Leben in Deutschland Test App - E2E Tests › Settings Page - /settings › should load settings page" classname="e2e-tests-fixed.spec.ts" time="3.777">
</testcase>
<testcase name="[Mobile] Leben in Deutschland Test App - E2E Tests › Settings Page - /settings › should have back button" classname="e2e-tests-fixed.spec.ts" time="3.224">
<properties>
<property name="skip" value="">
</property>
</properties>
<skipped>
</skipped>
</testcase>
<testcase name="[Mobile] Leben in Deutschland Test App - E2E Tests › Stats Page - /stats › should load stats page" classname="e2e-tests-fixed.spec.ts" time="3.04">
</testcase>
<testcase name="[Mobile] Leben in Deutschland Test App - E2E Tests › Stats Page - /stats › should have back button" classname="e2e-tests-fixed.spec.ts" time="2.876">
<properties>
<property name="skip" value="">
</property>
</properties>
<skipped>
</skipped>
</testcase>
</testsuite>
</testsuites>